<?xml version="1.0" encoding="UTF-8"?>
<!-- Generated by org.testng.reporters.JUnitReportReporter -->
<testsuite hostname="wsa-057-23" failures="0" tests="3" name="onliner.tests.runner.TestRunner" time="35.609" errors="0" timestamp="2022-06-22T16:46:09 MSK" skipped="0">
  <testcase classname="onliner.tests.runner.TestRunner" name="runScenario" time="13.009"/>
  <system-out/>
  <testcase classname="onliner.tests.runner.TestRunner" name="runScenario" time="11.060"/>
  <system-out/>
  <testcase classname="onliner.tests.runner.TestRunner" name="runScenario" time="11.540"/>
  <system-out/>
</testsuite> <!-- onliner.tests.runner.TestRunner -->
